<?xml version="1.0" encoding="UTF-8"?><testrun name="SbbApplicationTests" project="sbb" tests="1" started="1" failures="1" errors="0" ignored="0">
  <testsuite name="com.mysite.sbb.SbbApplicationTests" time="0.603" displayname="SbbApplicationTests" uniqueid="[engine:junit-jupiter]/[class:com.mysite.sbb.SbbApplicationTests]">
    <testcase name="testJpa" classname="com.mysite.sbb.SbbApplicationTests" time="0.603" displayname="testJpa()" uniqueid="[engine:junit-jupiter]/[class:com.mysite.sbb.SbbApplicationTests]/[method:testJpa()]">
      <failure>
        <expected>2</expected>
        <actual>&lt;Exception in toString(): org.hibernate.LazyInitializationException: failed to lazily initialize a collection of role: com.mysite.sbb.Question.answerList: could not initialize proxy - no Session&gt;</actual>
        org.opentest4j.AssertionFailedError: expected: &lt;2&gt; but was: &lt;java.util.ArrayList@757ad227&gt;&#13;
	at org.junit.jupiter.api.AssertionFailureBuilder.build(AssertionFailureBuilder.java:151)&#13;
	at org.junit.jupiter.api.AssertionFailureBuilder.buildAndThrow(AssertionFailureBuilder.java:132)&#13;
	at org.junit.jupiter.api.AssertEquals.failNotEqual(AssertEquals.java:197)&#13;
	at org.junit.jupiter.api.AssertEquals.assertEquals(AssertEquals.java:182)&#13;
	at org.junit.jupiter.api.AssertEquals.assertEquals(AssertEquals.java:177)&#13;
	at org.junit.jupiter.api.Assertions.assertEquals(Assertions.java:1145)&#13;
	at com.mysite.sbb.SbbApplicationTests.testJpa(SbbApplicationTests.java:22)&#13;
	at java.base/java.lang.reflect.Method.invoke(Method.java:580)&#13;
	at java.base/java.util.ArrayList.forEach(ArrayList.java:1596)&#13;
	at java.base/java.util.ArrayList.forEach(ArrayList.java:1596)&#13;
&#13;

      </failure>
    </testcase>
  </testsuite>
</testrun>
